<?xml version="1.0" encoding="UTF-8"?>
<!-- Generated by org.testng.reporters.JUnitXMLReporter -->
<testsuite hostname="ASHI" failures="0" tests="2" name="Default test" time="8.216" errors="0" timestamp="10 May 2022 06:35:26 GMT">
  <testcase classname="com.selenium.SampleSelenium.SampleSelGoogleTest2" name="sampleSelGoogleTest2" time="1.174"/>
  <testcase classname="com.selenium.SampleSelenium.SampleSelGoogleTest1" name="sampleSelGoogleTest1" time="0.992"/>
</testsuite> <!-- Default test -->
