<?xml version="1.0" encoding="UTF-8"?>
<testng-results total="2" passed="2" failed="0" skipped="0">
  <reporter-output>
  </reporter-output>
  <suite started-at="2022-05-10T06:35:18Z" name="Default suite" finished-at="2022-05-10T06:35:26Z" duration-ms="8216">
    <groups>
    </groups>
    <test started-at="2022-05-10T06:35:18Z" name="Default test" finished-at="2022-05-10T06:35:26Z" duration-ms="8216">
      <class name="com.selenium.SampleSelenium.SampleSelGoogleTest2">
        <test-method signature="sampleSelGoogleTest2()[pri:0, instance:com.selenium.SampleSelenium.SampleSelGoogleTest2@3148f668]" started-at="2022-05-10T12:05:22Z" name="sampleSelGoogleTest2" finished-at="2022-05-10T12:05:23Z" duration-ms="1174" status="PASS">
          <reporter-output>
          </reporter-output>
        </test-method> <!-- sampleSelGoogleTest2 -->
      </class> <!-- com.selenium.SampleSelenium.SampleSelGoogleTest2 -->
      <class name="com.selenium.SampleSelenium.SampleSelGoogleTest1">
        <test-method is-config="true" signature="setup()[pri:0, instance:com.selenium.SampleSelenium.SampleSelGoogleTest1@455b6df1]" started-at="2022-05-10T12:05:18Z" name="setup" finished-at="2022-05-10T12:05:20Z" duration-ms="2053" status="PASS">
          <reporter-output>
          </reporter-output>
        </test-method> <!-- setup -->
        <test-method is-config="true" signature="setup()[pri:0, instance:com.selenium.SampleSelenium.SampleSelGoogleTest2@3148f668]" started-at="2022-05-10T12:05:20Z" name="setup" finished-at="2022-05-10T12:05:22Z" duration-ms="1562" status="PASS">
          <reporter-output>
          </reporter-output>
        </test-method> <!-- setup -->
        <test-method signature="sampleSelGoogleTest1()[pri:0, instance:com.selenium.SampleSelenium.SampleSelGoogleTest1@455b6df1]" started-at="2022-05-10T12:05:23Z" name="sampleSelGoogleTest1" finished-at="2022-05-10T12:05:24Z" duration-ms="992" status="PASS">
          <reporter-output>
          </reporter-output>
        </test-method> <!-- sampleSelGoogleTest1 -->
        <test-method is-config="true" signature="afterTest()[pri:0, instance:com.selenium.SampleSelenium.SampleSelGoogleTest1@455b6df1]" started-at="2022-05-10T12:05:24Z" name="afterTest" finished-at="2022-05-10T12:05:25Z" duration-ms="1152" status="PASS">
          <reporter-output>
          </reporter-output>
        </test-method> <!-- afterTest -->
        <test-method is-config="true" signature="afterTest()[pri:0, instance:com.selenium.SampleSelenium.SampleSelGoogleTest2@3148f668]" started-at="2022-05-10T12:05:25Z" name="afterTest" finished-at="2022-05-10T12:05:26Z" duration-ms="1161" status="PASS">
          <reporter-output>
          </reporter-output>
        </test-method> <!-- afterTest -->
      </class> <!-- com.selenium.SampleSelenium.SampleSelGoogleTest1 -->
    </test> <!-- Default test -->
  </suite> <!-- Default suite -->
</testng-results>
